  Player.cpp
c:\users\piotr\documents\visual studio 2013\projects\robotto6\sfml\player.h(22): warning C4244: 'initializing' : conversion from 'const int' to 'float', possible loss of data
  Monsters.cpp
c:\users\piotr\documents\visual studio 2013\projects\robotto6\sfml\monsters.cpp(24): warning C4244: '=' : conversion from 'float' to 'int', possible loss of data
c:\users\piotr\documents\visual studio 2013\projects\robotto6\sfml\monsters.cpp(41): warning C4244: 'argument' : conversion from 'int' to 'float', possible loss of data
c:\users\piotr\documents\visual studio 2013\projects\robotto6\sfml\monsters.cpp(47): warning C4244: 'argument' : conversion from 'int' to 'float', possible loss of data
  MapManager.cpp
c:\users\piotr\documents\visual studio 2013\projects\robotto6\sfml\player.h(22): warning C4244: 'initializing' : conversion from 'const int' to 'float', possible loss of data
c:\users\piotr\documents\visual studio 2013\projects\robotto6\sfml\mapmanager.cpp(41): warning C4244: '=' : conversion from 'const float' to 'int', possible loss of data
c:\users\piotr\documents\visual studio 2013\projects\robotto6\sfml\mapmanager.cpp(45): warning C4244: '=' : conversion from 'const float' to 'int', possible loss of data
c:\users\piotr\documents\visual studio 2013\projects\robotto6\sfml\mapmanager.cpp(54): warning C4244: 'argument' : conversion from 'int' to 'float', possible loss of data
c:\users\piotr\documents\visual studio 2013\projects\robotto6\sfml\mapmanager.cpp(59): warning C4244: 'argument' : conversion from 'int' to 'float', possible loss of data
  Game.cpp
c:\users\piotr\documents\visual studio 2013\projects\robotto6\sfml\player.h(22): warning C4244: 'initializing' : conversion from 'const int' to 'float', possible loss of data
c:\users\piotr\documents\visual studio 2013\projects\robotto6\sfml\game.cpp(62): warning C4244: 'argument' : conversion from 'int' to 'float', possible loss of data
c:\users\piotr\documents\visual studio 2013\projects\robotto6\sfml\game.cpp(163): warning C4244: 'argument' : conversion from 'int' to 'float', possible loss of data
c:\users\piotr\documents\visual studio 2013\projects\robotto6\sfml\game.cpp(240): warning C4244: 'argument' : conversion from 'int' to 'float', possible loss of data
c:\users\piotr\documents\visual studio 2013\projects\robotto6\sfml\game.cpp(248): warning C4244: 'argument' : conversion from 'int' to 'float', possible loss of data
  Engine.cpp
c:\users\piotr\documents\visual studio 2013\projects\robotto6\sfml\player.h(22): warning C4244: 'initializing' : conversion from 'const int' to 'float', possible loss of data
  Generating Code...
c:\users\piotr\documents\visual studio 2013\projects\robotto6\sfml\engine.cpp(70): warning C4715: 'Engine::runEngine' : not all control paths return a value
  Compiling...
  main.cpp
c:\users\piotr\documents\visual studio 2013\projects\robotto6\sfml\player.h(22): warning C4244: 'initializing' : conversion from 'const int' to 'float', possible loss of data
  Generating Code...
  SFML.vcxproj -> C:\Users\Piotr\Documents\Visual Studio 2013\Projects\ROBOTTO6\Debug\SFML.exe
